<?xml version="1.0" encoding="UTF-8"?>
<!-- Generated by org.testng.reporters.JUnitReportReporter -->
<testsuite hostname="DESKTOP-KQBH998" failures="0" tests="2" name="basic.Payment" time="0.006" errors="0" timestamp="1 Mar 2024 09:47:33 GMT">
  <testcase classname="basic.Payment" name="cod" time="0.002"/>
  <testcase classname="basic.Payment" name="creditcard" time="0.004"/>
</testsuite> <!-- basic.Payment -->
