<?xml version="1.0" encoding="UTF-8"?>
<!-- Generated by org.testng.reporters.JUnitReportReporter -->
<testsuite hostname="DESKTOP-KQBH998" failures="0" tests="2" name="listener.MyTest" time="0.023" errors="0" timestamp="4 Mar 2024 10:26:12 GMT">
  <testcase classname="listener.MyTest" name="test2" time="0.006"/>
  <testcase classname="listener.MyTest" name="test1" time="0.017"/>
</testsuite> <!-- listener.MyTest -->
