<?xml version="1.0" encoding="UTF-8"?>
<!-- Generated by org.testng.reporters.JUnitReportReporter -->
<testsuite hostname="DESKTOP-KQBH998" failures="0" tests="3" name="basic.DependancyTest" time="0.018" errors="0" timestamp="1 Mar 2024 10:10:46 GMT">
  <testcase classname="basic.DependancyTest" name="login" time="0.010"/>
  <testcase classname="basic.DependancyTest" name="logout" time="0.002"/>
  <testcase classname="basic.DependancyTest" name="home" time="0.006"/>
</testsuite> <!-- basic.DependancyTest -->
