<?xml version="1.0" encoding="UTF-8"?>
<!-- Generated by org.testng.reporters.JUnitReportReporter -->
<testsuite hostname="DESKTOP-KQBH998" failures="0" tests="2" name="basic.Account" time="0.021" errors="0" timestamp="1 Mar 2024 09:47:33 GMT">
  <testcase classname="basic.Account" name="currentAccount" time="0.019"/>
  <testcase classname="basic.Account" name="savingAccount" time="0.002"/>
</testsuite> <!-- basic.Account -->
