<?xml version="1.0" encoding="UTF-8"?>
<!-- Generated by org.testng.reporters.JUnitReportReporter -->
<testsuite hostname="DESKTOP-KQBH998" failures="0" tests="1" name="basic.MyTest" time="0.007" errors="0" timestamp="15 Mar 2024 09:18:15 GMT">
  <testcase classname="basic.MyTest" name="beta" time="0.007"/>
</testsuite> <!-- basic.MyTest -->
