<?xml version="1.0" encoding="UTF-8"?>
<!-- Generated by org.testng.reporters.JUnitReportReporter -->
<testsuite hostname="DESKTOP-KQBH998" failures="0" tests="1" name="basic.ParametersTest" time="3.922" errors="0" timestamp="4 Mar 2024 09:32:18 GMT">
  <testcase classname="basic.ParametersTest" name="login" time="3.922"/>
</testsuite> <!-- basic.ParametersTest -->
