<?xml version="1.0" encoding="UTF-8"?>
<!-- Generated by org.testng.reporters.JUnitReportReporter -->
<testsuite hostname="DESKTOP-KQBH998" failures="0" tests="5" name="Hybrid" time="3.224" errors="0" timestamp="18 Mar 2024 09:52:47 GMT">
  <testcase classname="Hybrid" name="test" time="1.608"/>
  <testcase classname="Hybrid" name="test" time="1.370"/>
  <testcase classname="Hybrid" name="test" time="0.090"/>
  <testcase classname="Hybrid" name="test" time="0.096"/>
  <testcase classname="Hybrid" name="test" time="0.060"/>
</testsuite> <!-- Hybrid -->
