<?xml version="1.0" encoding="UTF-8"?>
<!-- Generated by org.testng.reporters.JUnitReportReporter -->
<testsuite hostname="DESKTOP-KQBH998" failures="0" tests="4" name="DatadrivenTest" time="1.447" errors="0" timestamp="15 Mar 2024 09:52:02 GMT">
  <testcase classname="DatadrivenTest" name="login" time="0.403"/>
  <testcase classname="DatadrivenTest" name="login" time="0.437"/>
  <testcase classname="DatadrivenTest" name="login" time="0.320"/>
  <testcase classname="DatadrivenTest" name="login" time="0.287"/>
</testsuite> <!-- DatadrivenTest -->
