<?xml version="1.0" encoding="UTF-8"?>
<!-- Generated by org.testng.reporters.JUnitReportReporter -->
<testsuite hostname="LAPTOP-TL5028BI" failures="0" tests="1" name="Guru99.Dat1Task" time="1.795" errors="0" timestamp="29 Mar 2024 10:30:06 GMT">
  <testcase classname="Guru99.Dat1Task" name="login" time="1.795"/>
</testsuite> <!-- Guru99.Dat1Task -->
